#
# There is insufficient memory for the Java Runtime Environment to continue.
# Native memory allocation (mmap) failed to map 65011712 bytes for G1 virtual space
# Possible reasons:
#   The system is out of physical RAM or swap space
#   The process is running with CompressedOops enabled, and the Java Heap may be blocking the growth of the native heap
# Possible solutions:
#   Reduce memory load on the system
#   Increase physical memory or swap space
#   Check if swap backing store is full
#   Decrease Java heap size (-Xmx/-Xms)
#   Decrease number of Java threads
#   Decrease Java thread stack sizes (-Xss)
#   Set larger code cache with -XX:ReservedCodeCacheSize=
#   JVM is running with Unscaled Compressed Oops mode in which the Java heap is
#     placed in the first 4GB address space. The Java Heap base address is the
#     maximum limit for the native heap growth. Please use -XX:HeapBaseMinAddress
#     to set the Java Heap base and to place the Java Heap above 4GB virtual address.
# This output file may be truncated or incomplete.
#
#  Out of Memory Error (./open/src/hotspot/os/windows/os_windows.cpp:3472), pid=54288, tid=60932
#
# JRE version:  (15.0.1+9) (build )
# Java VM: OpenJDK 64-Bit Server VM (15.0.1+9-18, mixed mode, sharing, tiered, compressed oops, g1 gc, windows-amd64)
# No core dump will be written. Minidumps are not enabled by default on client versions of Windows
#

---------------  S U M M A R Y ------------

Command Line: -Dfile.encoding=GBK -XX:+ShowCodeDetailsInExceptionMessages window.StudentInfo

Host: Intel(R) Core(TM) i3-8145U CPU @ 2.10GHz, 4 cores, 3G,  Windows 10 , 64 bit Build 19041 (10.0.19041.3155)
Time: Wed Apr  3 09:56:05 2024 中国标准时间 elapsed time: 0.113468 seconds (0d 0h 0m 0s)

---------------  T H R E A D  ---------------

Current thread (0x0000020660d84db0):  JavaThread "Unknown thread" [_thread_in_vm, id=60932, stack(0x00000039d6300000,0x00000039d6400000)]

Stack: [0x00000039d6300000,0x00000039d6400000]
Native frames: (J=compiled Java code, j=interpreted, Vv=VM code, C=native code)
V  [jvm.dll+0x62ae9a]
V  [jvm.dll+0x781389]
V  [jvm.dll+0x782ae3]
V  [jvm.dll+0x783143]
V  [jvm.dll+0x216265]
V  [jvm.dll+0x6281d9]
V  [jvm.dll+0x61cd15]
V  [jvm.dll+0x2d01fd]
V  [jvm.dll+0x2d0062]
V  [jvm.dll+0x2d603c]
V  [jvm.dll+0x325b2a]
V  [jvm.dll+0x3251f4]
V  [jvm.dll+0x2a717a]
V  [jvm.dll+0x2a8318]
V  [jvm.dll+0x75e101]
V  [jvm.dll+0x3343e4]
V  [jvm.dll+0x73e826]
V  [jvm.dll+0x3b7777]
V  [jvm.dll+0x3b9201]
C  [jli.dll+0x52fb]
C  [ucrtbase.dll+0x21bb2]
C  [KERNEL32.DLL+0x17614]
C  [ntdll.dll+0x526b1]


---------------  P R O C E S S  ---------------

Threads class SMR info:
_java_thread_list=0x00007ffc77824ff0, length=0, elements={
}

Java Threads: ( => current thread )

Other Threads:
  0x0000020660db4d60 GCTaskThread "GC Thread#0" [stack: 0x00000039d6400000,0x00000039d6500000] [id=41204]
  0x0000020660dbe1d0 ConcurrentGCThread "G1 Main Marker" [stack: 0x00000039d6500000,0x00000039d6600000] [id=49252]
  0x0000020660dbedc0 ConcurrentGCThread "G1 Conc#0" [stack: 0x00000039d6600000,0x00000039d6700000] [id=52256]

[error occurred during error reporting (printing all threads), id 0xc0000005, EXCEPTION_ACCESS_VIOLATION (0xc0000005) at pc=0x00007ffc77018047]

VM state: not at safepoint (not fully initialized)

VM Mutex/Monitor currently owned by a thread:  ([mutex/lock_event])
[0x0000020660d80fd0] Heap_lock - owner thread: 0x0000020660d84db0

Heap address: 0x00000000c2400000, size: 988 MB, Compressed Oops mode: 32-bit
CDS archive(s) mapped at: [0x0000000000000000-0x0000000000000000-0x0000000000000000), size 0, SharedBaseAddress: 0x0000000800000000, ArchiveRelocationMode: 0.
Narrow klass base: 0x0000000000000000, Narrow klass shift: 0, Narrow klass range: 0x0

Heap:
 garbage-first heap   total 63488K, used 0K [0x00000000c2400000, 0x0000000100000000)
  region size 1024K, 0 young (0K), 0 survivors (0K)
 Metaspace       used 0K, capacity 0K, committed 0K, reserved 0K
  class space    used 0K, capacity 0K, committed 0K, reserved 0K

Heap Regions: E=young(eden), S=young(survivor), O=old, HS=humongous(starts), HC=humongous(continues), CS=collection set, F=free, OA=open archive, CA=closed archive, TAMS=top-at-mark-start (previous, next)

Card table byte_map: [0x0000020673990000,0x0000020673b80000] _byte_map_base: 0x000002067337e000

Marking Bits (Prev, Next): (CMBitMap*) 0x0000020660db5550, (CMBitMap*) 0x0000020660db5590
 Prev Bits: [0x0000020673d70000, 0x0000020674ce0000)
 Next Bits: [0x0000020674ce0000, 0x0000020675c50000)

GC Heap History (0 events):
No events

Deoptimization events (0 events):
No events

Classes unloaded (0 events):
No events

Classes redefined (0 events):
No events

Internal exceptions (0 events):
No events

Events (1 events):
Event: 0.054 Loaded shared library D:\文档软件\eclipse-jee-2020-12-R-win32-x86_64\eclipse\plugins\org.eclipse.justj.openjdk.hotspot.jre.full.win32.x86_64_15.0.1.v20201027-0507\jre\bin\java.dll


Dynamic libraries:
0x00007ff757b60000 - 0x00007ff757b6d000 	D:\文档软件\eclipse-jee-2020-12-R-win32-x86_64\eclipse\plugins\org.eclipse.justj.openjdk.hotspot.jre.full.win32.x86_64_15.0.1.v20201027-0507\jre\bin\javaw.exe
0x00007ffcf0d10000 - 0x00007ffcf0f08000 	C:\WINDOWS\SYSTEM32\ntdll.dll
0x00007ffcf0720000 - 0x00007ffcf07df000 	C:\WINDOWS\System32\KERNEL32.DLL
0x00007ffcee920000 - 0x00007ffceec16000 	C:\WINDOWS\System32\KERNELBASE.dll
0x00007ffcee790000 - 0x00007ffcee890000 	C:\WINDOWS\System32\ucrtbase.dll
0x00007ffcdb180000 - 0x00007ffcdb198000 	D:\文档软件\eclipse-jee-2020-12-R-win32-x86_64\eclipse\plugins\org.eclipse.justj.openjdk.hotspot.jre.full.win32.x86_64_15.0.1.v20201027-0507\jre\bin\jli.dll
0x00007ffcd9700000 - 0x00007ffcd9719000 	D:\文档软件\eclipse-jee-2020-12-R-win32-x86_64\eclipse\plugins\org.eclipse.justj.openjdk.hotspot.jre.full.win32.x86_64_15.0.1.v20201027-0507\jre\bin\VCRUNTIME140.dll
0x00007ffcf04e0000 - 0x00007ffcf067d000 	C:\WINDOWS\System32\USER32.dll
0x00007ffceec20000 - 0x00007ffceec42000 	C:\WINDOWS\System32\win32u.dll
0x00007ffcef720000 - 0x00007ffcef74c000 	C:\WINDOWS\System32\GDI32.dll
0x00007ffcee580000 - 0x00007ffcee695000 	C:\WINDOWS\System32\gdi32full.dll
0x00007ffcee6a0000 - 0x00007ffcee73d000 	C:\WINDOWS\System32\msvcp_win.dll
0x00007ffcd1020000 - 0x00007ffcd12ba000 	C:\WINDOWS\WinSxS\amd64_microsoft.windows.common-controls_6595b64144ccf1df_6.0.19041.1110_none_60b5254171f9507e\COMCTL32.dll
0x00007ffcf0680000 - 0x00007ffcf071e000 	C:\WINDOWS\System32\msvcrt.dll
0x00007ffcef9a0000 - 0x00007ffcef9d0000 	C:\WINDOWS\System32\IMM32.DLL
0x00007ffce4ac0000 - 0x00007ffce4acc000 	D:\文档软件\eclipse-jee-2020-12-R-win32-x86_64\eclipse\plugins\org.eclipse.justj.openjdk.hotspot.jre.full.win32.x86_64_15.0.1.v20201027-0507\jre\bin\vcruntime140_1.dll
0x00007ffcbf5a0000 - 0x00007ffcbf631000 	D:\文档软件\eclipse-jee-2020-12-R-win32-x86_64\eclipse\plugins\org.eclipse.justj.openjdk.hotspot.jre.full.win32.x86_64_15.0.1.v20201027-0507\jre\bin\msvcp140.dll
0x00007ffc76d60000 - 0x00007ffc778be000 	D:\文档软件\eclipse-jee-2020-12-R-win32-x86_64\eclipse\plugins\org.eclipse.justj.openjdk.hotspot.jre.full.win32.x86_64_15.0.1.v20201027-0507\jre\bin\server\jvm.dll
0x00007ffcf0c20000 - 0x00007ffcf0ccf000 	C:\WINDOWS\System32\ADVAPI32.dll
0x00007ffcf0440000 - 0x00007ffcf04dc000 	C:\WINDOWS\System32\sechost.dll
0x00007ffcefed0000 - 0x00007ffcefff6000 	C:\WINDOWS\System32\RPCRT4.dll
0x00007ffcf0430000 - 0x00007ffcf0438000 	C:\WINDOWS\System32\PSAPI.DLL
0x00007ffcdc880000 - 0x00007ffcdc88a000 	C:\WINDOWS\SYSTEM32\VERSION.dll
0x00007ffcda9c0000 - 0x00007ffcda9e7000 	C:\WINDOWS\SYSTEM32\WINMM.dll
0x00007ffcd2020000 - 0x00007ffcd2029000 	C:\WINDOWS\SYSTEM32\WSOCK32.dll
0x00007ffcf0140000 - 0x00007ffcf01ab000 	C:\WINDOWS\System32\WS2_32.dll
0x00007ffcec470000 - 0x00007ffcec482000 	C:\WINDOWS\SYSTEM32\kernel.appcore.dll
0x00007ffce8650000 - 0x00007ffce865a000 	D:\文档软件\eclipse-jee-2020-12-R-win32-x86_64\eclipse\plugins\org.eclipse.justj.openjdk.hotspot.jre.full.win32.x86_64_15.0.1.v20201027-0507\jre\bin\jimage.dll
0x00007ffce8f90000 - 0x00007ffce9174000 	C:\WINDOWS\SYSTEM32\DBGHELP.DLL
0x00007ffcdcd40000 - 0x00007ffcdcd74000 	C:\WINDOWS\SYSTEM32\dbgcore.DLL
0x00007ffcee890000 - 0x00007ffcee912000 	C:\WINDOWS\System32\bcryptPrimitives.dll
0x00007ffcd9490000 - 0x00007ffcd94b5000 	D:\文档软件\eclipse-jee-2020-12-R-win32-x86_64\eclipse\plugins\org.eclipse.justj.openjdk.hotspot.jre.full.win32.x86_64_15.0.1.v20201027-0507\jre\bin\java.dll

dbghelp: loaded successfully - version: 4.0.5 - missing functions: none
symbol engine: initialized successfully - sym options: 0x614 - pdb path: .;D:\文档软件\eclipse-jee-2020-12-R-win32-x86_64\eclipse\plugins\org.eclipse.justj.openjdk.hotspot.jre.full.win32.x86_64_15.0.1.v20201027-0507\jre\bin;C:\WINDOWS\SYSTEM32;C:\WINDOWS\WinSxS\amd64_microsoft.windows.common-controls_6595b64144ccf1df_6.0.19041.1110_none_60b5254171f9507e;D:\文档软件\eclipse-jee-2020-12-R-win32-x86_64\eclipse\plugins\org.eclipse.justj.openjdk.hotspot.jre.full.win32.x86_64_15.0.1.v20201027-0507\jre\bi;D:\文档软件\eclipse-jee-2020-12-R-win32-x86_64\eclipse\plugins\org.eclipse.justj.openjdk.hotspot.jre.full.win32.x86_64_15.0.1.v20201027-0507\jr

VM Arguments:
jvm_args: -Dfile.encoding=GBK -XX:+ShowCodeDetailsInExceptionMessages 
java_command: window.StudentInfo
java_class_path (initial): D:\eclipse_workspace\ConnectMysql\bin;C:\Program Files\MySQL\mysql-connector-j-8.3.0\mysql-connector-j-8.3.0.jar
Launcher Type: SUN_STANDARD

[Global flags]
     intx CICompilerCount                          = 3                                         {product} {ergonomic}
     uint ConcGCThreads                            = 1                                         {product} {ergonomic}
     uint G1ConcRefinementThreads                  = 4                                         {product} {ergonomic}
   size_t G1HeapRegionSize                         = 1048576                                   {product} {ergonomic}
    uintx GCDrainStackTargetSize                   = 64                                        {product} {ergonomic}
   size_t InitialHeapSize                          = 65011712                                  {product} {ergonomic}
   size_t MarkStackSize                            = 4194304                                   {product} {ergonomic}
   size_t MaxHeapSize                              = 1035993088                                {product} {ergonomic}
   size_t MinHeapDeltaBytes                        = 1048576                                   {product} {ergonomic}
   size_t MinHeapSize                              = 8388608                                   {product} {ergonomic}
    uintx NonNMethodCodeHeapSize                   = 5832780                                {pd product} {ergonomic}
    uintx NonProfiledCodeHeapSize                  = 122912730                              {pd product} {ergonomic}
    uintx ProfiledCodeHeapSize                     = 122912730                              {pd product} {ergonomic}
    uintx ReservedCodeCacheSize                    = 251658240                              {pd product} {ergonomic}
     bool SegmentedCodeCache                       = true                                      {product} {ergonomic}
     bool ShowCodeDetailsInExceptionMessages       = true                                   {manageable} {command line}
   size_t SoftMaxHeapSize                          = 1035993088                             {manageable} {ergonomic}
     bool UseCompressedClassPointers               = true                                 {lp64_product} {ergonomic}
     bool UseCompressedOops                        = true                                 {lp64_product} {ergonomic}
     bool UseG1GC                                  = true                                      {product} {ergonomic}
     bool UseLargePagesIndividualAllocation        = false                                  {pd product} {ergonomic}

Logging:
Log output configuration:
 #0: stdout all=warning uptime,level,tags
 #1: stderr all=off uptime,level,tags

Environment Variables:
JAVA_HOME=C:\Users\86130\Temp\Develop\JDk
PATH=D:/文档软件/eclipse-jee-2020-12-R-win32-x86_64/eclipse//plugins/org.eclipse.justj.openjdk.hotspot.jre.full.win32.x86_64_15.0.1.v20201027-0507/jre/bin/server;D:/文档软件/eclipse-jee-2020-12-R-win32-x86_64/eclipse//plugins/org.eclipse.justj.openjdk.hotspot.jre.full.win32.x86_64_15.0.1.v20201027-0507/jre/bin;D:\bin\;C:\Users\86130\Temp\Develop\JDK\bin;C:\WINDOWS\system32;C:\WINDOWS;C:\WINDOWS\System32\Wbem;C:\WINDOWS\System32\WindowsPowerShell\v1.0\;C:\WINDOWS\System32\OpenSSH\;C:\Program Files\MySQL\MySQL Server 8.0\bin;C:\Program Files (x86)\Microsoft SQL Server\160\Tools\Binn\;C:\Program Files\Microsoft SQL Server\160\Tools\Binn\;C:\Program Files\Microsoft SQL Server\Client SDK\ODBC\170\Tools\Binn\;C:\Program Files\Microsoft SQL Server\160\DTS\Binn\;C:\Program Files (x86)\Microsoft SQL Server\160\DTS\Binn\;C:\Program Files\Azure Data Studio\bin;D:\文档软件\Scripts\;D:\文档软件\;C:\Users\86130\AppData\Local\Microsoft\WindowsApps;D:\软件\vscode\Microsoft VS Code\bin;D:\文档软件\eclipse-jee-2020-12-R-win32-x86_64\eclipse;
USERNAME=86130
OS=Windows_NT
PROCESSOR_IDENTIFIER=Intel64 Family 6 Model 142 Stepping 11, GenuineIntel



---------------  S Y S T E M  ---------------

OS:
 Windows 10 , 64 bit Build 19041 (10.0.19041.3155)
OS uptime: 16 days 13:15 hours

CPU: total 4 (initial active 4) (2 cores per cpu, 2 threads per core) family 6 model 142 stepping 11 microcode 0xae, cmov, cx8, fxsr, mmx, sse, sse2, sse3, ssse3, sse4.1, sse4.2, popcnt, vzeroupper, avx, avx2, aes, clmul, erms, 3dnowpref, lzcnt, ht, tsc, tscinvbit, bmi1, bmi2, adx, fma, clflush, clflushopt

Memory: 4k page, system-wide physical 3944M (49M free)
TotalPageFile size 16232M (AvailPageFile size 19M)
current process WorkingSet (physical memory assigned to process): 9M, peak: 9M
current process commit charge ("private bytes"): 51M, peak: 113M

vm_info: OpenJDK 64-Bit Server VM (15.0.1+9-18) for windows-amd64 JRE (15.0.1+9-18), built on Sep 15 2020 14:39:31 by "mach5one" with unknown MS VC++:1925

END.
